<?xml version="1.0" encoding="UTF-8"?>
<!-- Generated by org.testng.reporters.JUnitReportReporter -->
<testsuite hostname="DESKTOP-6CSM9ND" failures="0" tests="1" name="com.ActitimrCRM.testscripts.createcustomer" time="7.526" errors="0" timestamp="2023-09-27T11:06:42 IST" skipped="0">
  <testcase classname="com.ActitimrCRM.testscripts.createcustomer" name="createcustome" time="7.526"/>
  <system-out>
    <![CDATA[database connected
browser launched succcessfully
loged successfully
logged out successfully
close browser successfully]]>
  </system-out>
</testsuite> <!-- com.ActitimrCRM.testscripts.createcustomer -->
